<?xml version="1.0" encoding="UTF-8"?>
<testsuite name="rspec" tests="1" failures="1" errors="0" time="1.619370" timestamp="2016-11-06T08:54:19-05:00">
  <!-- Randomized with seed 53016 -->
  <properties/>
  <testcase classname="spec.controllers.api.v1.statuses_controller_spec" name="Api::V1::StatusesController responds to GET" file="./spec/controllers/api/v1/statuses_controller_spec.rb" time="1.618327">
    <failure message="No route matches {:action=&gt;&quot;show&quot;, :controller=&gt;&quot;api/v1/statuses&quot;, :format=&gt;:json}" type="ActionController::UrlGenerationError">
      <![CDATA[No route matches {:action=>"show", :controller=>"api/v1/statuses", :format=>:json}
./spec/controllers/api/v1/statuses_controller_spec.rb:6:in `block (2 levels) in <top (required)>']]>
    </failure>
  </testcase>
</testsuite>
