<?xml version="1.0" encoding="UTF-8"?>
<testsuite name="rspec" tests="1" failures="0" errors="0" time="0.404357" timestamp="2016-11-06T08:54:36-05:00">
  <!-- Randomized with seed 36461 -->
  <properties/>
  <testcase classname="spec.requests.admin_login_spec" name="admin login succeeds with valid password" file="./spec/requests/admin_login_spec.rb" time="0.403561"/>
</testsuite>
